This file contains any messages produced by compilers while
running configure, to aid debugging if configure makes a mistake.

It was created by configure, which was
generated by GNU Autoconf 2.52.20101002.  Invocation command line was

  $ ./configure --prefix=/usr/local --without-cxx --without-cxx-binding --without-ada --without-progs --without-curses-h --with-shared --without-debug --enable-widec --enable-const --enable-ext-colors --enable-sigwinch --enable-wgetch-events

## ---------- ##
## Platform.  ##
## ---------- ##

hostname = Aarons-MacBook-Pro.local
uname -m = x86_64
uname -r = 14.3.0
uname -s = Darwin
uname -v = Darwin Kernel Version 14.3.0: Thu Jan 22 23:54:42 PST 2015; root:xnu-2782.20.26~5/RELEASE_X86_64

/usr/bin/uname -p = i386
/bin/uname -X     = unknown

/bin/arch              = unknown
/usr/bin/arch -k       = unknown
/usr/convex/getsysinfo = unknown
hostinfo               = Mach kernel version:
	 Darwin Kernel Version 14.3.0: Thu Jan 22 23:54:42 PST 2015; root:xnu-2782.20.26~5/RELEASE_X86_64
Kernel configured for up to 8 processors.
4 processors are physically available.
8 processors are logically available.
Processor type: i486 (Intel 80486)
Processors active: 0 1 2 3 4 5 6 7
Primary memory available: 16.00 gigabytes
Default processor set: 268 tasks, 1451 threads, 8 processors
Load average: 2.45, Mach factor: 5.54
/bin/machine           = unknown
/usr/bin/oslevel       = unknown
/bin/universe          = unknown

PATH = /Library/Frameworks/Python.framework/Versions/3.4/bin:/Users/acl/bin:/usr/local/bin:/Users/acl/depot_tools:/opt/local/bin:/opt/local/sbin:/usr/local/bin:/usr/bin:/bin:/usr/sbin:/sbin:/opt/X11/bin:/Applications/Server.app/Contents/ServerRoot/usr/bin:/Applications/Server.app/Contents/ServerRoot/usr/sbin:/usr/texbin

## ------------ ##
## Core tests.  ##
## ------------ ##

configure:1101: PATH=".;."; conftest.sh
./configure: line 1102: conftest.sh: command not found
configure:1104: $? = 127
configure:1117: checking for egrep
configure:1127: result: grep -E
configure:1141: result: Configuring NCURSES 5.9 ABI 5 (Sat Jan 30 10:00:46 PST 2016)
configure:1246: checking build system type
configure:1264: result: x86_64-apple-darwin14.3.0
configure:1271: checking host system type
configure:1285: result: x86_64-apple-darwin14.3.0
configure:1293: checking target system type
configure:1307: result: x86_64-apple-darwin14.3.0
configure:1338: result: Configuring for darwin14.3.0
configure:1362: checking for prefix
configure:1374: result: /usr/local
configure:1450: checking for gcc
configure:1473: result: /usr/local/bin/gcc-4.9
configure:1701: checking for C compiler version
configure:1704: /usr/local/bin/gcc-4.9 --version </dev/null >&5
gcc-4.9 (Homebrew gcc 4.9.2_1) 4.9.2
Copyright (C) 2014 Free Software Foundation, Inc.
This is free software; see the source for copying conditions.  There is NO
warranty; not even for MERCHANTABILITY or FITNESS FOR A PARTICULAR PURPOSE.

configure:1707: $? = 0
configure:1709: /usr/local/bin/gcc-4.9 -v </dev/null >&5
Using built-in specs.
COLLECT_GCC=/usr/local/bin/gcc-4.9
COLLECT_LTO_WRAPPER=/usr/local/Cellar/gcc/4.9.2_1/libexec/gcc/x86_64-apple-darwin14.0.0/4.9.2/lto-wrapper
Target: x86_64-apple-darwin14.0.0
Configured with: ../configure --build=x86_64-apple-darwin14.0.0 --prefix=/usr/local/Cellar/gcc/4.9.2_1 --libdir=/usr/local/Cellar/gcc/4.9.2_1/lib/gcc/4.9 --enable-languages=c,c++,objc,obj-c++,fortran --program-suffix=-4.9 --with-gmp=/usr/local/opt/gmp --with-mpfr=/usr/local/opt/mpfr --with-mpc=/usr/local/opt/libmpc --with-cloog=/usr/local/opt/cloog --with-isl=/usr/local/opt/isl --with-system-zlib --enable-libstdcxx-time=yes --enable-stage1-checking --enable-checking=release --enable-lto --disable-werror --with-pkgversion='Homebrew gcc 4.9.2_1' --with-bugurl=https://github.com/Homebrew/homebrew/issues --enable-plugin --disable-nls --enable-multilib
Thread model: posix
gcc version 4.9.2 (Homebrew gcc 4.9.2_1) 
configure:1712: $? = 0
configure:1714: /usr/local/bin/gcc-4.9 -V </dev/null >&5
gcc-4.9: error: unrecognized command line option '-V'
gcc-4.9: fatal error: no input files
compilation terminated.
configure:1717: $? = 1
configure:1737: checking for C compiler default output
configure:1740: /usr/local/bin/gcc-4.9    conftest.c  >&5
configure:1743: $? = 0
configure:1772: result: ls:
configure:1777: checking whether the C compiler works
configure:1783: ./ls:
./configure: line 1784: ./ls:: No such file or directory
configure:1786: $? = 127
configure:1793: error: cannot run C compiled programs.
If you meant to cross compile, use `--host'.

## ----------------- ##
## Cache variables.  ##
## ----------------- ##

ac_cv_build=x86_64-apple-darwin14.3.0
ac_cv_build_alias=x86_64-apple-darwin14.3.0
ac_cv_env_CC_set=set
ac_cv_env_CC_value=/usr/local/bin/gcc-4.9
ac_cv_env_CFLAGS_set=
ac_cv_env_CFLAGS_value=
ac_cv_env_CPPFLAGS_set=
ac_cv_env_CPPFLAGS_value=
ac_cv_env_CPP_set=set
ac_cv_env_CPP_value=/usr/local/bin/cpp-4.9
ac_cv_env_CXXCPP_set=
ac_cv_env_CXXCPP_value=
ac_cv_env_CXXFLAGS_set=
ac_cv_env_CXXFLAGS_value=
ac_cv_env_CXX_set=set
ac_cv_env_CXX_value=/usr/local/bin/g++-4.9
ac_cv_env_LDFLAGS_set=
ac_cv_env_LDFLAGS_value=
ac_cv_env_build_alias_set=
ac_cv_env_build_alias_value=
ac_cv_env_host_alias_set=
ac_cv_env_host_alias_value=
ac_cv_env_target_alias_set=
ac_cv_env_target_alias_value=
ac_cv_host=x86_64-apple-darwin14.3.0
ac_cv_host_alias=x86_64-apple-darwin14.3.0
ac_cv_prog_ac_ct_CC=/usr/local/bin/gcc-4.9
ac_cv_prog_egrep='grep -E'
ac_cv_target=x86_64-apple-darwin14.3.0
ac_cv_target_alias=x86_64-apple-darwin14.3.0
cf_cv_abi_version=5
cf_cv_rel_version=5.9
cf_cv_system_name=darwin14.3.0
cf_cv_timestamp='Sat Jan 30 10:00:46 PST 2016'

## ------------ ##
## confdefs.h.  ##
## ------------ ##

#define SYSTEM_NAME "darwin14.3.0"


configure: exit 1
